\BOOKMARK [0][-]{chapter*.1}{\376\377\000A\000b\000s\000t\000r\000a\000c\000t}{}% 1
\BOOKMARK [0][-]{chapter*.2}{\376\377\000R\000\351\000s\000u\000m\000\351}{}% 2
\BOOKMARK [0][-]{chapter*.3}{\376\377\006\105\006\104\006\056\006\065}{}% 3
\BOOKMARK [0][-]{chapter*.4}{\376\377\000D\000e\000d\000i\000c\000a\000t\000i\000o\000n}{}% 4
\BOOKMARK [0][-]{chapter*.5}{\376\377\000A\000c\000k\000n\000o\000w\000l\000e\000d\000g\000e\000m\000e\000n\000t\000s}{}% 5
\BOOKMARK [0][-]{chapter*.6}{\376\377\000L\000i\000s\000t\000\040\000o\000f\000\040\000A\000c\000r\000o\000n\000y\000m\000s\000\040\000a\000n\000d\000\040\000A\000b\000b\000r\000e\000v\000i\000a\000t\000i\000o\000n\000s}{}% 6
\BOOKMARK [0][-]{chapter*.7}{\376\377\000G\000e\000n\000e\000r\000a\000l\000\040\000I\000n\000t\000r\000o\000d\000u\000c\000t\000i\000o\000n}{}% 7
\BOOKMARK [0][-]{chapter.1}{\376\377\000F\000o\000u\000n\000d\000a\000t\000i\000o\000n\000s}{}% 8
\BOOKMARK [1][-]{section.1.1}{\376\377\000I\000n\000t\000r\000o\000d\000u\000c\000t\000i\000o\000n}{chapter.1}% 9
\BOOKMARK [1][-]{section.1.2}{\376\377\000P\000a\000r\000a\000m\000e\000t\000e\000r\000i\000z\000a\000t\000i\000o\000n\000\040\000o\000f\000\040\000N\000e\000u\000r\000a\000l\000\040\000N\000e\000t\000w\000o\000r\000k\000s}{chapter.1}% 10
\BOOKMARK [2][-]{subsection.1.2.1}{\376\377\000T\000h\000e\000\040\000N\000e\000u\000r\000o\000n\000\040\000a\000s\000\040\000a\000\040\000L\000i\000n\000e\000a\000r\000\040\000M\000o\000d\000e\000l}{section.1.2}% 11
\BOOKMARK [2][-]{subsection.1.2.2}{\376\377\000A\000c\000t\000i\000v\000a\000t\000i\000o\000n\000\040\000F\000u\000n\000c\000t\000i\000o\000n\000s}{section.1.2}% 12
\BOOKMARK [2][-]{subsection.1.2.3}{\376\377\000T\000h\000e\000\040\000M\000u\000l\000t\000i\000-\000L\000a\000y\000e\000r\000\040\000P\000e\000r\000c\000e\000p\000t\000r\000o\000n\000\040\000\050\000M\000L\000P\000\051}{section.1.2}% 13
\BOOKMARK [1][-]{section.1.3}{\376\377\000O\000p\000t\000i\000m\000i\000z\000a\000t\000i\000o\000n\000\040\000a\000n\000d\000\040\000G\000r\000a\000d\000i\000e\000n\000t\000s}{chapter.1}% 14
\BOOKMARK [2][-]{subsection.1.3.1}{\376\377\000E\000m\000p\000i\000r\000i\000c\000a\000l\000\040\000R\000i\000s\000k\000\040\000M\000i\000n\000i\000m\000i\000z\000a\000t\000i\000o\000n}{section.1.3}% 15
\BOOKMARK [2][-]{subsection.1.3.2}{\376\377\000A\000l\000g\000o\000r\000i\000t\000h\000m\000s\000\040\000f\000o\000r\000\040\000G\000r\000a\000d\000i\000e\000n\000t\000-\000B\000a\000s\000e\000d\000\040\000O\000p\000t\000i\000m\000i\000z\000a\000t\000i\000o\000n}{section.1.3}% 16
\BOOKMARK [2][-]{subsection.1.3.3}{\376\377\000B\000a\000c\000k\000p\000r\000o\000p\000a\000g\000a\000t\000i\000o\000n}{section.1.3}% 17
\BOOKMARK [1][-]{section.1.4}{\376\377\000C\000o\000n\000c\000l\000u\000s\000i\000o\000n}{chapter.1}% 18
\BOOKMARK [0][-]{chapter.2}{\376\377\000T\000r\000a\000n\000s\000f\000o\000r\000m\000e\000r\000\040\000A\000r\000c\000h\000i\000t\000e\000c\000t\000u\000r\000e\000s\000\040\000a\000n\000d\000\040\000E\000f\000f\000i\000c\000i\000e\000n\000c\000y}{}% 19
\BOOKMARK [1][-]{section.2.1}{\376\377\000I\000n\000t\000r\000o\000d\000u\000c\000t\000i\000o\000n}{chapter.2}% 20
\BOOKMARK [1][-]{section.2.2}{\376\377\000T\000r\000a\000n\000s\000f\000o\000r\000m\000e\000r\000\040\000N\000e\000t\000w\000o\000r\000k\000s}{chapter.2}% 21
\BOOKMARK [1][-]{section.2.3}{\376\377\000C\000o\000r\000e\000\040\000A\000r\000c\000h\000i\000t\000e\000c\000t\000u\000r\000a\000l\000\040\000C\000o\000m\000p\000o\000n\000e\000n\000t\000s\000:\000\040\000B\000u\000i\000l\000d\000i\000n\000g\000\040\000B\000l\000o\000c\000k\000s\000\040\000o\000f\000\040\000t\000h\000e\000\040\000T\000r\000a\000n\000s\000f\000o\000r\000m\000e\000r}{chapter.2}% 22
\BOOKMARK [2][-]{subsection.2.3.1}{\376\377\000E\000n\000c\000o\000d\000e\000r\000\040\000a\000n\000d\000\040\000D\000e\000c\000o\000d\000e\000r\000\040\000A\000r\000c\000h\000i\000t\000e\000c\000t\000u\000r\000e}{section.2.3}% 23
\BOOKMARK [2][-]{subsection.2.3.2}{\376\377\000T\000h\000e\000\040\000C\000o\000m\000p\000u\000t\000a\000t\000i\000o\000n\000a\000l\000\040\000B\000o\000t\000t\000l\000e\000n\000e\000c\000k\000\040\000o\000f\000\040\000T\000r\000a\000n\000s\000f\000o\000r\000m\000e\000r\000s}{section.2.3}% 24
\BOOKMARK [2][-]{subsection.2.3.3}{\376\377\000H\000a\000r\000d\000w\000a\000r\000e\000-\000A\000w\000a\000r\000e\000\040\000E\000f\000f\000i\000c\000i\000e\000n\000c\000y\000\040\000M\000e\000t\000r\000i\000c\000s}{section.2.3}% 25
\BOOKMARK [1][-]{section.2.4}{\376\377\000C\000o\000n\000c\000l\000u\000s\000i\000o\000n}{chapter.2}% 26
\BOOKMARK [0][-]{chapter.3}{\376\377\000N\000e\000u\000r\000a\000l\000\040\000N\000e\000t\000w\000o\000r\000k\000\040\000P\000r\000u\000n\000i\000n\000g}{}% 27
\BOOKMARK [1][-]{section.3.1}{\376\377\000I\000n\000t\000r\000o\000d\000u\000c\000t\000i\000o\000n}{chapter.3}% 28
\BOOKMARK [1][-]{section.3.2}{\376\377\000T\000h\000e\000o\000r\000e\000t\000i\000c\000a\000l\000\040\000F\000r\000a\000m\000e\000w\000o\000r\000k\000\040\000o\000f\000\040\000P\000r\000u\000n\000i\000n\000g}{chapter.3}% 29
\BOOKMARK [2][-]{subsection.3.2.1}{\376\377\000F\000o\000r\000m\000a\000l\000\040\000P\000r\000o\000b\000l\000e\000m\000\040\000F\000o\000r\000m\000u\000l\000a\000t\000i\000o\000n}{section.3.2}% 30
\BOOKMARK [2][-]{subsection.3.2.2}{\376\377\000T\000a\000y\000l\000o\000r\000\040\000E\000x\000p\000a\000n\000s\000i\000o\000n\000\040\000A\000n\000a\000l\000y\000s\000i\000s\000\040\000o\000f\000\040\000P\000r\000u\000n\000i\000n\000g\000\040\000L\000o\000s\000s}{section.3.2}% 31
\BOOKMARK [2][-]{subsection.3.2.3}{\376\377\000O\000p\000t\000i\000m\000a\000l\000\040\000B\000r\000a\000i\000n\000\040\000D\000a\000m\000a\000g\000e\000\040\000a\000n\000d\000\040\000O\000p\000t\000i\000m\000a\000l\000\040\000B\000r\000a\000i\000n\000\040\000S\000u\000r\000g\000e\000o\000n}{section.3.2}% 32
\BOOKMARK [2][-]{subsection.3.2.4}{\376\377\000D\000e\000n\000s\000i\000t\000y\000,\000\040\000S\000p\000a\000r\000s\000i\000t\000y\000,\000\040\000a\000n\000d\000\040\000E\000f\000f\000e\000c\000t\000i\000v\000e\000\040\000T\000o\000p\000o\000l\000o\000g\000y}{section.3.2}% 33
\BOOKMARK [1][-]{section.3.3}{\376\377\000P\000r\000u\000n\000i\000n\000g\000\040\000S\000t\000r\000u\000c\000t\000u\000r\000e\000s}{chapter.3}% 34
\BOOKMARK [2][-]{subsection.3.3.1}{\376\377\000U\000n\000s\000t\000r\000u\000c\000t\000u\000r\000e\000d\000\040\000P\000r\000u\000n\000i\000n\000g}{section.3.3}% 35
\BOOKMARK [2][-]{subsection.3.3.2}{\376\377\000S\000e\000m\000i\000-\000S\000t\000r\000u\000c\000t\000u\000r\000e\000d\000\040\000P\000r\000u\000n\000i\000n\000g\000\040\000\050\000N\000:\000M\000\040\000S\000p\000a\000r\000s\000i\000t\000y\000\051}{section.3.3}% 36
\BOOKMARK [2][-]{subsection.3.3.3}{\376\377\000S\000t\000r\000u\000c\000t\000u\000r\000e\000d\000\040\000P\000r\000u\000n\000i\000n\000g}{section.3.3}% 37
\BOOKMARK [1][-]{section.3.4}{\376\377\000P\000r\000u\000n\000i\000n\000g\000\040\000C\000r\000i\000t\000e\000r\000i\000a}{chapter.3}% 38
\BOOKMARK [2][-]{subsection.3.4.1}{\376\377\000M\000a\000g\000n\000i\000t\000u\000d\000e\000-\000B\000a\000s\000e\000d\000\040\000C\000r\000i\000t\000e\000r\000i\000a}{section.3.4}% 39
\BOOKMARK [2][-]{subsection.3.4.2}{\376\377\000G\000r\000a\000d\000i\000e\000n\000t\000-\000B\000a\000s\000e\000d\000\040\000C\000r\000i\000t\000e\000r\000i\000a}{section.3.4}% 40
\BOOKMARK [2][-]{subsection.3.4.3}{\376\377\000S\000e\000c\000o\000n\000d\000-\000O\000r\000d\000e\000r\000\040\000C\000r\000i\000t\000e\000r\000i\000a}{section.3.4}% 41
\BOOKMARK [2][-]{subsection.3.4.4}{\376\377\000A\000c\000t\000i\000v\000a\000t\000i\000o\000n\000-\000A\000w\000a\000r\000e\000\040\000C\000r\000i\000t\000e\000r\000i\000a}{section.3.4}% 42
\BOOKMARK [2][-]{subsection.3.4.5}{\376\377\000L\000e\000a\000r\000n\000a\000b\000l\000e\000\040\000a\000n\000d\000\040\000A\000d\000a\000p\000t\000i\000v\000e\000\040\000C\000r\000i\000t\000e\000r\000i\000a}{section.3.4}% 43
\BOOKMARK [2][-]{subsection.3.4.6}{\376\377\000C\000r\000i\000t\000e\000r\000i\000o\000n\000\040\000C\000o\000m\000p\000a\000r\000i\000s\000o\000n}{section.3.4}% 44
\BOOKMARK [1][-]{section.3.5}{\376\377\000P\000r\000u\000n\000i\000n\000g\000\040\000S\000t\000r\000a\000t\000e\000g\000i\000e\000s}{chapter.3}% 45
\BOOKMARK [2][-]{subsection.3.5.1}{\376\377\000O\000n\000e\000-\000S\000h\000o\000t\000\040\000P\000r\000u\000n\000i\000n\000g}{section.3.5}% 46
\BOOKMARK [2][-]{subsection.3.5.2}{\376\377\000I\000t\000e\000r\000a\000t\000i\000v\000e\000\040\000P\000r\000u\000n\000i\000n\000g\000\040\000a\000n\000d\000\040\000R\000e\000c\000o\000v\000e\000r\000y}{section.3.5}% 47
\BOOKMARK [2][-]{subsection.3.5.3}{\376\377\000P\000r\000u\000n\000i\000n\000g\000\040\000D\000u\000r\000i\000n\000g\000\040\000T\000r\000a\000i\000n\000i\000n\000g}{section.3.5}% 48
\BOOKMARK [2][-]{subsection.3.5.4}{\376\377\000P\000o\000s\000t\000-\000T\000r\000a\000i\000n\000i\000n\000g\000\040\000P\000r\000u\000n\000i\000n\000g}{section.3.5}% 49
\BOOKMARK [1][-]{section.3.6}{\376\377\000P\000r\000u\000n\000i\000n\000g\000\040\000T\000r\000a\000n\000s\000f\000o\000r\000m\000e\000r\000s}{chapter.3}% 50
\BOOKMARK [2][-]{subsection.3.6.1}{\376\377\000A\000t\000t\000e\000n\000t\000i\000o\000n\000\040\000H\000e\000a\000d\000\040\000P\000r\000u\000n\000i\000n\000g}{section.3.6}% 51
\BOOKMARK [2][-]{subsection.3.6.2}{\376\377\000F\000F\000N\000\040\000C\000h\000a\000n\000n\000e\000l\000\040\000P\000r\000u\000n\000i\000n\000g}{section.3.6}% 52
\BOOKMARK [2][-]{subsection.3.6.3}{\376\377\000L\000a\000y\000e\000r\000\040\000P\000r\000u\000n\000i\000n\000g}{section.3.6}% 53
\BOOKMARK [1][-]{section.3.7}{\376\377\000C\000o\000n\000c\000l\000u\000s\000i\000o\000n}{chapter.3}% 54
\BOOKMARK [0][-]{chapter.4}{\376\377\000R\000e\000l\000a\000t\000e\000d\000\040\000w\000o\000r\000k\000\040\000o\000n\000\040\000p\000r\000u\000n\000i\000n\000g\000:\000\040\000U\000n\000s\000t\000r\000u\000c\000t\000u\000r\000e\000d\000\040\000\046\000\040\000H\000e\000t\000e\000r\000o\000g\000e\000n\000e\000o\000u\000s\000\040\000M\000e\000t\000h\000o\000d\000s}{}% 55
\BOOKMARK [1][-]{section.4.1}{\376\377\000I\000n\000t\000r\000o\000d\000u\000c\000t\000i\000o\000n}{chapter.4}% 56
\BOOKMARK [1][-]{section.4.2}{\376\377\000T\000a\000x\000o\000n\000o\000m\000y\000\040\000o\000f\000\040\000p\000r\000u\000n\000i\000n\000g\000\040\000m\000e\000t\000h\000o\000d\000s}{chapter.4}% 57
\BOOKMARK [1][-]{section.4.3}{\376\377\000S\000a\000l\000i\000e\000n\000c\000y\000-\000B\000a\000s\000e\000d\000\040\000U\000n\000s\000t\000r\000u\000c\000t\000u\000r\000e\000d\000\040\000M\000e\000t\000h\000o\000d\000s}{chapter.4}% 58
\BOOKMARK [1][-]{section.4.4}{\376\377\000S\000e\000a\000r\000c\000h\000-\000B\000a\000s\000e\000d\000\040\000H\000e\000t\000e\000r\000o\000g\000e\000n\000e\000o\000u\000s\000\040\000M\000e\000t\000h\000o\000d\000s}{chapter.4}% 59
\BOOKMARK [1][-]{section.4.5}{\376\377\000C\000o\000n\000c\000l\000u\000s\000i\000o\000n}{chapter.4}% 60
\BOOKMARK [0][-]{chapter.5}{\376\377\000R\000e\000l\000a\000t\000e\000d\000\040\000w\000o\000r\000k\000\040\000o\000n\000\040\000p\000r\000u\000n\000i\000n\000g\000:\000\040\000S\000t\000r\000u\000c\000t\000u\000r\000e\000d\000\040\000M\000e\000t\000h\000o\000d\000s}{}% 61
\BOOKMARK [1][-]{section.5.1}{\376\377\000I\000n\000t\000r\000o\000d\000u\000c\000t\000i\000o\000n}{chapter.5}% 62
\BOOKMARK [1][-]{section.5.2}{\376\377\000G\000r\000a\000d\000i\000e\000n\000t\000-\000B\000a\000s\000e\000d\000\040\000M\000e\000t\000h\000o\000d\000s}{chapter.5}% 63
\BOOKMARK [1][-]{section.5.3}{\376\377\000S\000e\000c\000o\000n\000d\000-\000O\000r\000d\000e\000r\000\040\000M\000e\000t\000h\000o\000d\000s}{chapter.5}% 64
\BOOKMARK [2][-]{subsection.5.3.1}{\376\377\000O\000p\000t\000i\000m\000a\000l\000\040\000B\000r\000a\000i\000n\000\040\000C\000o\000m\000p\000r\000e\000s\000s\000i\000o\000n\000\040\000F\000o\000r\000m\000u\000l\000a\000t\000i\000o\000n}{section.5.3}% 65
\BOOKMARK [2][-]{subsection.5.3.2}{\376\377\000S\000i\000n\000g\000l\000e\000-\000W\000e\000i\000g\000h\000t\000\040\000I\000t\000e\000r\000a\000t\000i\000v\000e\000\040\000R\000e\000m\000o\000v\000a\000l\000\040\000\050\000S\000p\000a\000r\000s\000e\000G\000P\000T\000\051}{section.5.3}% 66
\BOOKMARK [2][-]{subsection.5.3.3}{\376\377\000J\000o\000i\000n\000t\000\040\000O\000p\000t\000i\000m\000i\000z\000a\000t\000i\000o\000n\000\040\000f\000o\000r\000\040\000M\000u\000l\000t\000i\000-\000W\000e\000i\000g\000h\000t\000\040\000R\000e\000m\000o\000v\000a\000l\000\040\000\050\000M\000R\000P\000\051}{section.5.3}% 67
\BOOKMARK [2][-]{subsection.5.3.4}{\376\377\000F\000i\000s\000h\000e\000r\000-\000B\000a\000s\000e\000d\000\040\000P\000o\000s\000t\000-\000T\000r\000a\000i\000n\000i\000n\000g\000\040\000S\000t\000r\000u\000c\000t\000u\000r\000e\000d\000\040\000P\000r\000u\000n\000i\000n\000g}{section.5.3}% 68
\BOOKMARK [2][-]{subsection.5.3.5}{\376\377\000I\000n\000f\000e\000r\000e\000n\000c\000e\000-\000A\000w\000a\000r\000e\000\040\000S\000t\000r\000u\000c\000t\000u\000r\000e\000d\000\040\000S\000e\000c\000o\000n\000d\000-\000O\000r\000d\000e\000r\000\040\000P\000r\000u\000n\000i\000n\000g\000\040\000\050\000Z\000i\000p\000L\000M\000\051}{section.5.3}% 69
\BOOKMARK [1][-]{section.5.4}{\376\377\000C\000o\000n\000c\000l\000u\000s\000i\000o\000n}{chapter.5}% 70
\BOOKMARK [0][-]{chapter.6}{\376\377\000S\000y\000n\000t\000h\000e\000s\000i\000s\000,\000\040\000E\000m\000p\000i\000r\000i\000c\000a\000l\000\040\000C\000o\000m\000p\000a\000r\000i\000s\000o\000n\000,\000\040\000a\000n\000d\000\040\000L\000i\000m\000i\000t\000a\000t\000i\000o\000n\000s}{}% 71
\BOOKMARK [1][-]{section.6.1}{\376\377\000I\000n\000t\000r\000o\000d\000u\000c\000t\000i\000o\000n}{chapter.6}% 72
\BOOKMARK [1][-]{section.6.2}{\376\377\000E\000m\000p\000i\000r\000i\000c\000a\000l\000\040\000C\000o\000m\000p\000a\000r\000i\000s\000o\000n}{chapter.6}% 73
\BOOKMARK [2][-]{subsection.6.2.1}{\376\377\000U\000n\000s\000t\000r\000u\000c\000t\000u\000r\000e\000d\000\040\000a\000n\000d\000\040\000S\000e\000m\000i\000-\000S\000t\000r\000u\000c\000t\000u\000r\000e\000d\000\040\000R\000e\000s\000u\000l\000t\000s}{section.6.2}% 74
\BOOKMARK [2][-]{subsection.6.2.2}{\376\377\000S\000t\000r\000u\000c\000t\000u\000r\000e\000d\000\040\000P\000r\000u\000n\000i\000n\000g\000\040\000R\000e\000s\000u\000l\000t\000s}{section.6.2}% 75
\BOOKMARK [2][-]{subsection.6.2.3}{\376\377\000E\000v\000o\000l\000u\000t\000i\000o\000n\000a\000r\000y\000\040\000a\000n\000d\000\040\000S\000e\000a\000r\000c\000h\000-\000B\000a\000s\000e\000d\000\040\000R\000e\000s\000u\000l\000t\000s}{section.6.2}% 76
\BOOKMARK [2][-]{subsection.6.2.4}{\376\377\000C\000r\000o\000s\000s\000-\000R\000e\000g\000i\000m\000e\000\040\000S\000y\000n\000t\000h\000e\000s\000i\000s}{section.6.2}% 77
\BOOKMARK [1][-]{section.6.3}{\376\377\000D\000i\000s\000c\000u\000s\000s\000i\000o\000n}{chapter.6}% 78
\BOOKMARK [2][-]{subsection.6.3.1}{\376\377\000L\000o\000c\000a\000l\000\040\000S\000c\000o\000r\000i\000n\000g\000\040\000V\000e\000r\000s\000u\000s\000\040\000G\000l\000o\000b\000a\000l\000\040\000A\000l\000l\000o\000c\000a\000t\000i\000o\000n}{section.6.3}% 79
\BOOKMARK [2][-]{subsection.6.3.2}{\376\377\000L\000i\000m\000i\000t\000a\000t\000i\000o\000n\000s\000\040\000o\000f\000\040\000L\000o\000c\000a\000l\000\040\000R\000a\000n\000k\000i\000n\000g\000\040\000a\000t\000\040\000H\000i\000g\000h\000\040\000C\000o\000m\000p\000r\000e\000s\000s\000i\000o\000n}{section.6.3}% 80
\BOOKMARK [1][-]{section.6.4}{\376\377\000E\000m\000p\000i\000r\000i\000c\000a\000l\000\040\000R\000e\000s\000u\000l\000t\000s}{chapter.6}% 81
\BOOKMARK [2][-]{subsection.6.4.1}{\376\377\000U\000n\000s\000t\000r\000u\000c\000t\000u\000r\000e\000d\000\040\000a\000n\000d\000\040\000S\000e\000m\000i\000-\000S\000t\000r\000u\000c\000t\000u\000r\000e\000d\000\040\000M\000e\000t\000h\000o\000d\000s}{section.6.4}% 82
\BOOKMARK [2][-]{subsection.6.4.2}{\376\377\000S\000t\000r\000u\000c\000t\000u\000r\000e\000d\000\040\000M\000e\000t\000h\000o\000d\000s}{section.6.4}% 83
\BOOKMARK [2][-]{subsection.6.4.3}{\376\377\000C\000r\000o\000s\000s\000-\000M\000e\000t\000h\000o\000d\000\040\000C\000o\000m\000p\000a\000r\000i\000s\000o\000n}{section.6.4}% 84
\BOOKMARK [1][-]{section.6.5}{\376\377\000L\000i\000m\000i\000t\000a\000t\000i\000o\000n\000s\000\040\000o\000f\000\040\000t\000h\000e\000\040\000R\000e\000v\000i\000e\000w\000e\000d\000\040\000M\000e\000t\000h\000o\000d\000s}{chapter.6}% 85
\BOOKMARK [2][-]{subsection.6.5.1}{\376\377\000E\000v\000a\000l\000u\000a\000t\000i\000o\000n\000\040\000P\000r\000o\000t\000o\000c\000o\000l\000\040\000H\000e\000t\000e\000r\000o\000g\000e\000n\000e\000i\000t\000y}{section.6.5}% 86
\BOOKMARK [2][-]{subsection.6.5.2}{\376\377\000R\000e\000c\000o\000v\000e\000r\000y\000\040\000B\000u\000d\000g\000e\000t\000\040\000I\000n\000c\000o\000n\000s\000i\000s\000t\000e\000n\000c\000y}{section.6.5}% 87
\BOOKMARK [2][-]{subsection.6.5.3}{\376\377\000C\000a\000l\000i\000b\000r\000a\000t\000i\000o\000n\000\040\000S\000e\000t\000\040\000S\000e\000n\000s\000i\000t\000i\000v\000i\000t\000y}{section.6.5}% 88
\BOOKMARK [1][-]{section.6.6}{\376\377\000C\000o\000n\000c\000l\000u\000s\000i\000o\000n}{chapter.6}% 89
\BOOKMARK [0][-]{chapter.7}{\376\377\000C\000o\000n\000c\000l\000u\000s\000i\000o\000n}{}% 90
